13:01:32 **** Incremental Build of configuration Debug for project ServoController ****
make all 
'Building file: ../APP/app.c'
'Invoking: ARM C Compiler 5'
armcc --cpu=Cortex-A9 --no_unaligned_access -Dsoc_cv_av -I"C:\Users\jessicaa\Documents\Capstone\backup\tutorial2_restored\Software2\ServoController\APP" -I"C:\Users\jessicaa\Documents\Capstone\backup\tutorial2_restored\Software2\ServoController\BSP" -I"C:\Users\jessicaa\Documents\Capstone\backup\tutorial2_restored\Software2\ServoController\BSP\OS" -I"C:\intelFPGA\17.0\embedded\ip\altera\hps\altera_hps\hwlib\include" -I"C:\intelFPGA\17.0\embedded\ip\altera\hps\altera_hps\hwlib\include\soc_cv_av" -I"C:\intelFPGA\17.0\embedded\ip\altera\hps\altera_hps\hwlib\include\soc_cv_av\socal" -I"C:\Users\jessicaa\Documents\Capstone\backup\tutorial2_restored\Software2\ServoController\HWLIBS" -I"C:\Users\jessicaa\Documents\Capstone\backup\tutorial2_restored\Software2\ServoController\uC-CPU\ARM-Cortex-A" -I"C:\Users\jessicaa\Documents\Capstone\backup\tutorial2_restored\Software2\ServoController\uC-CPU" -I"C:\Users\jessicaa\Documents\Capstone\backup\tutorial2_restored\Software2\ServoController\uC-LIBS" -I"C:\Users\jessicaa\Documents\Capstone\backup\tutorial2_restored\Software2\ServoController\uCOS-II\Ports" -I"C:\Users\jessicaa\Documents\Capstone\backup\tutorial2_restored\Software2\ServoController\uCOS-II\Source" --c99 --gnu -O0 -g --md --depend_format=unix_escaped --no_depend_system_headers --depend_dir="APP" -c -o "APP/app.o" "../APP/app.c"
"../APP/app.c", line 238: Warning:  #177-D: variable "err" was declared but never referenced
  	OS_ERR err;
  	       ^
"../APP/app.c", line 239: Warning:  #177-D: variable "msg" was declared but never referenced
  	char* msg;
  	      ^
"../APP/app.c", line 275: Warning:  #68-D: integer conversion resulted in a change of sign
  	uint32_t old_result = -1; // impossible value
  	                      ^
"../APP/app.c", line 285: Warning:  #68-D: integer conversion resulted in a change of sign
          if (old_result == -1|| result != old_result) {
                            ^
"../APP/app.c", line 236: Warning:  #177-D: function "ServoTask" was declared but never referenced
  static void ServoTask(void *pdata)
              ^
../APP/app.c: 5 warnings, 0 errors
'Finished building: ../APP/app.c'
' '
'Building target: ServoController.axf'
'Invoking: ARM Linker 5'
armlink --cpu=Cortex-A9 --entry=Start --scatter=""C:/Users/jessicaa/Documents/Capstone/backup/tutorial2_restored/Software2/ServoController/BSP/ARM_COMPILER/scatter.scat"" --info=sizes -o "ServoController.axf"  ./uCOS-II/Source/os_core.o ./uCOS-II/Source/os_dbg_r.o ./uCOS-II/Source/os_flag.o ./uCOS-II/Source/os_mbox.o ./uCOS-II/Source/os_mem.o ./uCOS-II/Source/os_mutex.o ./uCOS-II/Source/os_q.o ./uCOS-II/Source/os_sem.o ./uCOS-II/Source/os_task.o ./uCOS-II/Source/os_time.o ./uCOS-II/Source/os_tmr.o  ./uCOS-II/Ports/os_cpu_a_vfp-d32.o ./uCOS-II/Ports/os_cpu_c.o  ./uC-LIBS/lib_ascii.o ./uC-LIBS/lib_math.o ./uC-LIBS/lib_mem.o ./uC-LIBS/lib_str.o  ./uC-CPU/Cache/cpu_cache_armv7_generic_l1_l2c310_l2.o ./uC-CPU/Cache/cpu_cache_armv7_generic_l1_l2c310_l2_a.o  ./uC-CPU/ARM-Cortex-A/cpu_a.o  ./uC-CPU/cpu_core.o  ./HWLIBS/alt_16550_uart.o ./HWLIBS/alt_bridge_manager.o ./HWLIBS/alt_clock_manager.o ./HWLIBS/alt_fpga_manager.o  ./BSP/OS/bsp_os.o  ./BSP/ARM_Compiler/armv7a_tthelp.o ./BSP/ARM_Compiler/bsp_cache.o ./BSP/ARM_Compiler/startup.o  ./BSP/bsp.o ./BSP/bsp_int.o ./BSP/cpu_bsp.o  ./APP/app.o   

==============================================================================

Image component sizes


      Code (inc. data)   RO Data    RW Data    ZI Data      Debug   Object Name

         0          0          0          0          0       3128   alt_16550_uart.o
       964        108          0          0      49376       4305   app.o
        96          0          0          0          0        588   armv7a_tthelp.o
       136         16          0          0          0       1749   bsp.o
       436          0          0          0          0        924   bsp_cache.o
       832         32          0          0       1024       5979   bsp_int.o
       280         12          0          0          0       3082   bsp_os.o
        96          0          0          0          0        808   cpu_a.o
       220          4          0          0          0       1352   cpu_bsp.o
        44         12          0          8          0        974   cpu_cache_armv7_generic_l1_l2c310_l2.o
       204          0          0          0          0        696   cpu_cache_armv7_generic_l1_l2c310_l2_a.o
       888         20        260          4          0       7040   cpu_core.o
         0          0          0          0          0      13664   lib_ascii.o
         0          0          0          0          0       1596   lib_math.o
      5136         76          0          4   16777236      27773   lib_mem.o
      5836        160        256         80      10920      24731   os_core.o
       988          0          0          0          0        576   os_cpu_a_vfp-d32.o
       608         36          0         12       4096      14921   os_cpu_c.o
       376        184        118          0          0      12301   os_dbg_r.o
      3768         36          0          0          0       7796   os_flag.o
      1096         16          0          0          0       3824   os_mem.o
      2916         28          0          0          0       6305   os_q.o
      3992         48          0          0          0       9100   os_task.o
       796         28          0          0          0       1998   os_time.o
       496         76          0          0          0        804   startup.o

    ----------------------------------------------------------------------
     30216        904        652        108   50442140     156014   Object Totals
         0          0         16          0   33599488          0   (incl. Generated)
        12         12          2          0          0          0   (incl. Padding)

    ----------------------------------------------------------------------

      Code (inc. data)   RO Data    RW Data    ZI Data      Debug   Library Member Name

         8          0          0          0          0         68   __main.o
       104          0          0          0          0         84   __printf.o
         0          0          0          0          0          0   __rtentry.o
        12          0          0          0          0          0   __rtentry2.o
         8          4          0          0          0          0   __rtentry6.o
        52          8          0          0          0          0   __scatter.o
        28          0          0          0          0          0   __scatter_zi.o
        48          6          0          0          0         96   _printf_char_common.o
        36          4          0          0          0         80   _printf_char_file.o
       112         16          0          0          0         92   _printf_dec.o
        88          4         40          0          0         88   _printf_hex_int.o
       178          0          0          0          0         88   _printf_intcommon.o
         0          0          0          0          0          0   _printf_percent.o
         4          0          0          0          0          0   _printf_percent_end.o
         6          0          0          0          0          0   _printf_u.o
         6          0          0          0          0          0   _printf_x.o
        10          0          0          0          0         68   _sputc.o
       416          0          0          0          0        144   aeabi_sdiv.o
        10          0          0          0          0         68   defsig_exit.o
        50          0          0          0          0         88   defsig_general.o
        80         58          0          0          0         76   defsig_rtmem_inner.o
        14          0          0          0          0         80   defsig_rtmem_outer.o
        52         38          0          0          0         76   defsig_rtred_inner.o
        14          0          0          0          0         80   defsig_rtred_outer.o
        18          0          0          0          0         80   exit.o
        76          0          0          0          0         88   fclose.o
         8          0          0          0          0         68   ferror.o
       470          0          0          0          0         88   flsbuf.o
       236          4          0          0          0        128   fopen.o
        26          0          0          0          0         68   fputc.o
       248          6          0          0          0         84   fseek.o
        66          0          0          0          0         76   ftell.o
        94          0          0          0          0         80   h1_alloc.o
        48          0          0          0          0         68   h1_extend.o
        78          0          0          0          0         80   h1_free.o
        14          0          0          0          0         84   h1_init.o
        80          6          0          4          0         96   heapauxa.o
         4          0          0          0          0        136   hguard.o
         0          0          0          0          0          0   indicate_semi.o
       136          0          0          0          0        168   init_alloc.o
       312         46          0          0          0        112   initio.o
         2          0          0          0          0          0   libinit.o
        10          0          0          0          0          0   libinit2.o
        16          8          0          0          0          0   libinit4.o
         2          0          0          0          0          0   libshutdown.o
         6          0          0          0          0          0   libshutdown2.o
         0          0          0          0         96          0   libspace.o
       816         64          0          0          0         84   lludiv5.o
         0          0          0          0          0          0   maybetermalloc1.o
        24          4          0          0          0         84   noretval__2printf.o
        40          6          0          0          0         84   noretval__2sprintf.o
         8          4          0          0          0         68   rt_errno_addr_intlibspace.o
         8          4          0          0          0         68   rt_heap_descriptor_intlibspace.o
        80          0          0          0          0        172   rt_neon_memclr_w.o
       124          0          0          0          0        192   rt_noneon_memcpy_w_ca9.o
         2          0          0          0          0          0   rtexit.o
        10          0          0          0          0          0   rtexit2.o
        44          0          0          0          0         68   rtudiv10.o
        70          0          0          0          0         80   setvbuf.o
       240          6          0          0          0        156   stdio.o
         0          0          0         12        252          0   stdio_streams.o
        58          0          0          0          0         68   strlen.o
        12          4          0          0          0         68   sys_exit.o
       102          0         12          0          0        240   sys_io.o
        14          0          0          0          0         76   sys_wrch.o
         2          0          0          0          0         68   use_no_semi.o
        10          0          0          0          0        116   fpinit.o

    ----------------------------------------------------------------------
      4964        300         52         16        348       4472   Library Totals
        14          0          0          0          0          0   (incl. Padding)

    ----------------------------------------------------------------------

      Code (inc. data)   RO Data    RW Data    ZI Data      Debug   Library Name

      4940        300         52         16        348       4356   c_2.l
        10          0          0          0          0        116   fz_2v.l

    ----------------------------------------------------------------------
      4964        300         52         16        348       4472   Library Totals

    ----------------------------------------------------------------------

==============================================================================


      Code (inc. data)   RO Data    RW Data    ZI Data      Debug   

     35180       1204        704        124   50442488     154002   Grand Totals
     35180       1204        704        124   50442488     154002   ELF Image Totals
     35180       1204        704        124          0          0   ROM Totals

==============================================================================

    Total RO  Size (Code + RO Data)                35884 (  35.04kB)
    Total RW  Size (RW Data + ZI Data)          50442612 (49260.36kB)
    Total ROM Size (Code + RO Data + RW Data)      36008 (  35.16kB)

==============================================================================

'Finished building target: ServoController.axf'
' '

13:01:32 Build Finished (took 720ms)

